/scratch/user/praroop27/.conda/envs/myenv/lib/python3.11/site-packages/torch/distributed/launch.py:181: FutureWarning: The module torch.distributed.launch is deprecated
and will be removed in future. Use torchrun.
Note that --use-env is set by default in torchrun.
If your script expects `--local-rank` argument to be set, please
change it to read from `os.environ['LOCAL_RANK']` instead. See 
https://pytorch.org/docs/stable/distributed.html#launch-utility for 
further instructions

  warnings.warn(
usage: clip.py [-h] [--data_path DATA_PATH] [--ann_path ANN_PATH]
               [--train_file TRAIN_FILE] [--train_image_root TRAIN_IMAGE_ROOT]
               [--bert_config BERT_CONFIG] [--image_encoder IMAGE_ENCODER]
               [--text_encoder TEXT_ENCODER] [--image_res IMAGE_RES]
               [--vision_width VISION_WIDTH] [--embed_dim EMBED_DIM]
               [--opt OPT] [--sched SCHED] [--lr LR]
               [--lr_temp_net LR_TEMP_NET] [--wd_temp_net WD_TEMP_NET]
               [--min_lr MIN_LR] [--warmup WARMUP] [--warmup_lr WARMUP_LR]
               [--weight_decay WEIGHT_DECAY] [--decay_rate DECAY_RATE]
               [--epochs EPOCHS] [--warmup_epochs WARMUP_EPOCHS]
               [--cooldown_epochs COOLDOWN_EPOCHS] [--use_amp] [--init_model]
               [--batch_size_train BATCH_SIZE_TRAIN]
               [--batch_size_test BATCH_SIZE_TEST] [--k_test K_TEST]
               [--evaluate] [--checkpoint CHECKPOINT] [--device DEVICE]
               [--seed SEED] [--world_size WORLD_SIZE] [--dist_url DIST_URL]
               [--distributed] [--no-distributed] [--output_dir OUTPUT_DIR]
               --ita_type
               {clip,cyclip,vicreg,sogclr,sogclr_dro,isogclr_new_v2,isogclr_new_v1,isogclr_new,onlineclr}
               [--vicreg_sim_coeff VICREG_SIM_COEFF]
               [--vicreg_std_coeff VICREG_STD_COEFF]
               [--sogclr_gamma SOGCLR_GAMMA] [--rho_I RHO_I] [--rho_T RHO_T]
               [--eta_init ETA_INIT] [--tau_init TAU_INIT] [--beta_u BETA_U]
               [--temp TEMP] [--learnable_temp] [--personalized_tau]
               [--max_norm MAX_NORM] [--store_tau] [--isogclr_temp_net]
               [--alpha ALPHA] [--train_frac TRAIN_FRAC] [--check_samples_tau]
               [--extract_data] [--zs_dataset {cifar10,cifar100,imagenet}]
               [--zs_datafolder ZS_DATAFOLDER]
usage: clip.py [-h] [--data_path DATA_PATH] [--ann_path ANN_PATH]
               [--train_file TRAIN_FILE] [--train_image_root TRAIN_IMAGE_ROOT]
               [--bert_config BERT_CONFIG] [--image_encoder IMAGE_ENCODER]
               [--text_encoder TEXT_ENCODER] [--image_res IMAGE_RES]
               [--vision_width VISION_WIDTH] [--embed_dim EMBED_DIM]
               [--opt OPT] [--sched SCHED] [--lr LR]
               [--lr_temp_net LR_TEMP_NET] [--wd_temp_net WD_TEMP_NET]
               [--min_lr MIN_LR] [--warmup WARMUP] [--warmup_lr WARMUP_LR]
               [--weight_decay WEIGHT_DECAY] [--decay_rate DECAY_RATE]
               [--epochs EPOCHS] [--warmup_epochs WARMUP_EPOCHS]
               [--cooldown_epochs COOLDOWN_EPOCHS] [--use_amp] [--init_model]
               [--batch_size_train BATCH_SIZE_TRAIN]
               [--batch_size_test BATCH_SIZE_TEST] [--k_test K_TEST]
               [--evaluate] [--checkpoint CHECKPOINT] [--device DEVICE]
               [--seed SEED] [--world_size WORLD_SIZE] [--dist_url DIST_URL]
               [--distributed] [--no-distributed] [--output_dir OUTPUT_DIR]
               --ita_type
               {clip,cyclip,vicreg,sogclr,sogclr_dro,isogclr_new_v2,isogclr_new_v1,isogclr_new,onlineclr}
               [--vicreg_sim_coeff VICREG_SIM_COEFF]
               [--vicreg_std_coeff VICREG_STD_COEFF]
               [--sogclr_gamma SOGCLR_GAMMA] [--rho_I RHO_I] [--rho_T RHO_T]
               [--eta_init ETA_INIT] [--tau_init TAU_INIT] [--beta_u BETA_U]
               [--temp TEMP] [--learnable_temp] [--personalized_tau]
               [--max_norm MAX_NORM] [--store_tau] [--isogclr_temp_net]
               [--alpha ALPHA] [--train_frac TRAIN_FRAC] [--check_samples_tau]
               [--extract_data] [--zs_dataset {cifar10,cifar100,imagenet}]
               [--zs_datafolder ZS_DATAFOLDER]
clip.py: error: unrecognized arguments: --rho_init 6.0 --eta_sched const
clip.py: error: unrecognized arguments: --rho_init 6.0 --eta_sched const
ERROR:torch.distributed.elastic.multiprocessing.api:failed (exitcode: 2) local_rank: 0 (pid: 63448) of binary: /scratch/user/praroop27/.conda/envs/myenv/bin/python
Traceback (most recent call last):
  File "<frozen runpy>", line 198, in _run_module_as_main
  File "<frozen runpy>", line 88, in _run_code
  File "/scratch/user/praroop27/.conda/envs/myenv/lib/python3.11/site-packages/torch/distributed/launch.py", line 196, in <module>
    main()
  File "/scratch/user/praroop27/.conda/envs/myenv/lib/python3.11/site-packages/torch/distributed/launch.py", line 192, in main
    launch(args)
  File "/scratch/user/praroop27/.conda/envs/myenv/lib/python3.11/site-packages/torch/distributed/launch.py", line 177, in launch
    run(args)
  File "/scratch/user/praroop27/.conda/envs/myenv/lib/python3.11/site-packages/torch/distributed/run.py", line 785, in run
    elastic_launch(
  File "/scratch/user/praroop27/.conda/envs/myenv/lib/python3.11/site-packages/torch/distributed/launcher/api.py", line 134, in __call__
    return launch_agent(self._config, self._entrypoint, list(args))
           ^^^^^^^^^^^^^^^^^^^^^^^^^^^^^^^^^^^^^^^^^^^^^^^^^^^^^^^^
  File "/scratch/user/praroop27/.conda/envs/myenv/lib/python3.11/site-packages/torch/distributed/launcher/api.py", line 250, in launch_agent
    raise ChildFailedError(
torch.distributed.elastic.multiprocessing.errors.ChildFailedError: 
============================================================
/scratch/user/praroop27/iSogCLR/bimodal_exps/clip.py FAILED
------------------------------------------------------------
Failures:
[1]:
  time      : 2024-11-27_23:12:15
  host      : t001.cluster
  rank      : 1 (local_rank: 1)
  exitcode  : 2 (pid: 63449)
  error_file: <N/A>
  traceback : To enable traceback see: https://pytorch.org/docs/stable/elastic/errors.html
------------------------------------------------------------
Root Cause (first observed failure):
[0]:
  time      : 2024-11-27_23:12:15
  host      : t001.cluster
  rank      : 0 (local_rank: 0)
  exitcode  : 2 (pid: 63448)
  error_file: <N/A>
  traceback : To enable traceback see: https://pytorch.org/docs/stable/elastic/errors.html
============================================================
